# configure exec: ./configure --prefix=/home/knthinh/node-project/temp/.node-red/node_modules/node-rdkafka/build/deps --libdir=/home/knthinh/node-project/temp/.node-red/node_modules/node-rdkafka/build/deps --prefix=/home/knthinh/node-project/temp/.node-red/node_modules/node-rdkafka/build/deps --libdir=/home/knthinh/node-project/temp/.node-red/node_modules/node-rdkafka/build/deps
# On Thu May 30 18:08:28 +07 2019
DBG: ccenv: WITH_CC:  --version failed: mklove/modules/configure.base: line 1183: --version: command not found
DBG: Check ccenv (WITH_CC, action cont (originally cont)) failed: command ' --version' failed:
mklove/modules/configure.base: line 1183: --version: command not found
DBG: cxxenv: WITH_CXX:  --version failed: mklove/modules/configure.base: line 1183: --version: command not found
DBG: Check cxxenv (WITH_CXX, action cont (originally cont)) failed: command ' --version' failed:
mklove/modules/configure.base: line 1183: --version: command not found
DBG: Compile check PIC (HAVE_PIC): gcc  -g -O2 -Wall -Werror _mkltmpxDqX1E.c -o _mkltmpxDqX1E.c.o  -L/home/knthinh/node-project/temp/.node-red/node_modules/node-rdkafka/build/deps -fPIC
DBG: Compile check gnulib (WITH_GNULD): gcc  -g -O2 -fPIC -Wall -Werror _mkltmpKiHXqG.c -o _mkltmpKiHXqG.c.o  -L/home/knthinh/node-project/temp/.node-red/node_modules/node-rdkafka/build/deps -shared -Wl,-soname,mkltest.0
DBG: Compile check ldsflagvs (): gcc  -g -O2 -fPIC -Wall -Werror _mkltmpEXlyIO.c -o _mkltmpEXlyIO.c.o  -L/home/knthinh/node-project/temp/.node-red/node_modules/node-rdkafka/build/deps -shared -Wl,--version-script=_mkltmpe1m0PY
DBG: Compile check __atomic_32 (HAVE_ATOMICS_32): gcc  -g -O2 -fPIC -Wall -Werror _mkltmpuxqhzA.c -o _mkltmpuxqhzA.c.o  -L/home/knthinh/node-project/temp/.node-red/node_modules/node-rdkafka/build/deps 
DBG: Compile check __atomic_64 (HAVE_ATOMICS_64): gcc  -g -O2 -fPIC -Wall -Werror _mkltmpU44Op0.c -o _mkltmpU44Op0.c.o  -L/home/knthinh/node-project/temp/.node-red/node_modules/node-rdkafka/build/deps 
DBG: Compile check socket (): gcc  -g -O2 -fPIC -Wall -Wsign-compare -Wfloat-equal -Wpointer-arith -Wcast-align -Wall -Werror _mkltmp0Iebmr.c -o _mkltmp0Iebmr.c.o  -L/home/knthinh/node-project/temp/.node-red/node_modules/node-rdkafka/build/deps 
DBG: pkg-config check librt (): pkg-config --short-errors --cflags librt
DBG: 'pkg-config --short-errors --cflags librt' failed: No package 'librt' found
DBG: Check librt_PKGCONFIG (, action cont (originally cont)) failed: 'pkg-config --short-errors --cflags librt' failed:
No package 'librt' found
DBG: Compile check librt (): gcc  -g -O2 -fPIC -Wall -Wsign-compare -Wfloat-equal -Wpointer-arith -Wcast-align -Wall -Werror _mkltmp3bGK9K.c -o _mkltmp3bGK9K.c.o  -L/home/knthinh/node-project/temp/.node-red/node_modules/node-rdkafka/build/deps -lrt
DBG: pkg-config check libpthread (): pkg-config --short-errors --cflags libpthread
DBG: 'pkg-config --short-errors --cflags libpthread' failed: No package 'libpthread' found
DBG: Check libpthread_PKGCONFIG (, action cont (originally cont)) failed: 'pkg-config --short-errors --cflags libpthread' failed:
No package 'libpthread' found
DBG: Compile check libpthread (): gcc  -g -O2 -fPIC -Wall -Wsign-compare -Wfloat-equal -Wpointer-arith -Wcast-align -Wall -Werror _mkltmpmQS3XT.c -o _mkltmpmQS3XT.c.o  -L/home/knthinh/node-project/temp/.node-red/node_modules/node-rdkafka/build/deps -lpthread
DBG: pkg-config check libdl (): pkg-config --short-errors --cflags libdl
DBG: 'pkg-config --short-errors --cflags libdl' failed: No package 'libdl' found
DBG: Check libdl_PKGCONFIG (, action cont (originally cont)) failed: 'pkg-config --short-errors --cflags libdl' failed:
No package 'libdl' found
DBG: Compile check libdl (WITH_LIBDL): gcc  -g -O2 -fPIC -Wall -Wsign-compare -Wfloat-equal -Wpointer-arith -Wcast-align -Wall -Werror _mkltmpSuukxG.c -o _mkltmpSuukxG.c.o  -L/home/knthinh/node-project/temp/.node-red/node_modules/node-rdkafka/build/deps -ldl
DBG: pkg-config check zlib (): pkg-config --short-errors --cflags zlib
DBG: pkg-config check libcrypto (): pkg-config --short-errors --cflags libcrypto
DBG: 'pkg-config --short-errors --cflags libcrypto' failed: No package 'libcrypto' found
DBG: Check libcrypto_PKGCONFIG (, action cont (originally cont)) failed: 'pkg-config --short-errors --cflags libcrypto' failed:
No package 'libcrypto' found
DBG: Compile check libcrypto (): gcc  -g -O2 -fPIC -Wall -Wsign-compare -Wfloat-equal -Wpointer-arith -Wcast-align -Wall -Werror _mkltmpejU8hJ.c -o _mkltmpejU8hJ.c.o  -L/home/knthinh/node-project/temp/.node-red/node_modules/node-rdkafka/build/deps -lcrypto
DBG: compile check for libcrypto () failed: gcc  -g -O2 -fPIC -Wall -Wsign-compare -Wfloat-equal -Wpointer-arith -Wcast-align -Wall -Werror _mkltmpejU8hJ.c -o _mkltmpejU8hJ.c.o  -L/home/knthinh/node-project/temp/.node-red/node_modules/node-rdkafka/build/deps -lcrypto: /usr/bin/ld: cannot find -lcrypto
collect2: error: ld returned 1 exit status
DBG: Check libcrypto (, action disable (originally disable)) failed: compile check failed:
CC: CC
flags: -lcrypto
gcc  -g -O2 -fPIC -Wall -Wsign-compare -Wfloat-equal -Wpointer-arith -Wcast-align -Wall -Werror _mkltmpejU8hJ.c -o _mkltmpejU8hJ.c.o  -L/home/knthinh/node-project/temp/.node-red/node_modules/node-rdkafka/build/deps -lcrypto:
/usr/bin/ld: cannot find -lcrypto
collect2: error: ld returned 1 exit status
source: 
DBG: pkg-config check libm (): pkg-config --short-errors --cflags libm
DBG: 'pkg-config --short-errors --cflags libm' failed: No package 'libm' found
DBG: Check libm_PKGCONFIG (, action cont (originally cont)) failed: 'pkg-config --short-errors --cflags libm' failed:
No package 'libm' found
DBG: Compile check libm (): gcc  -g -O2 -fPIC -Wall -Wsign-compare -Wfloat-equal -Wpointer-arith -Wcast-align -Wall -Werror _mkltmpmtJ58n.c -o _mkltmpmtJ58n.c.o  -L/home/knthinh/node-project/temp/.node-red/node_modules/node-rdkafka/build/deps -lm
DBG: pkg-config check liblz4 (): pkg-config --short-errors --cflags liblz4
DBG: 'pkg-config --short-errors --cflags liblz4' failed: No package 'liblz4' found
DBG: Check liblz4_PKGCONFIG (, action cont (originally cont)) failed: 'pkg-config --short-errors --cflags liblz4' failed:
No package 'liblz4' found
DBG: Compile check liblz4 (WITH_LZ4_EXT): gcc  -g -O2 -fPIC -Wall -Wsign-compare -Wfloat-equal -Wpointer-arith -Wcast-align -Wall -Werror _mkltmptmKQ0G.c -o _mkltmptmKQ0G.c.o  -L/home/knthinh/node-project/temp/.node-red/node_modules/node-rdkafka/build/deps -llz4
DBG: compile check for liblz4 (WITH_LZ4_EXT) failed: gcc  -g -O2 -fPIC -Wall -Wsign-compare -Wfloat-equal -Wpointer-arith -Wcast-align -Wall -Werror _mkltmptmKQ0G.c -o _mkltmptmKQ0G.c.o  -L/home/knthinh/node-project/temp/.node-red/node_modules/node-rdkafka/build/deps -llz4: _mkltmptmKQ0G.c:1:22: fatal error: lz4frame.h: No such file or directory
 #include <lz4frame.h>
                      ^
compilation terminated.
DBG: Check liblz4 (WITH_LZ4_EXT, action disable (originally disable)) failed: compile check failed:
CC: CC
flags: -llz4
gcc  -g -O2 -fPIC -Wall -Wsign-compare -Wfloat-equal -Wpointer-arith -Wcast-align -Wall -Werror _mkltmptmKQ0G.c -o _mkltmptmKQ0G.c.o  -L/home/knthinh/node-project/temp/.node-red/node_modules/node-rdkafka/build/deps -llz4:
_mkltmptmKQ0G.c:1:22: fatal error: lz4frame.h: No such file or directory
 #include <lz4frame.h>
                      ^
compilation terminated.
source: #include <lz4frame.h>
DBG: Compile check rapidjson (WITH_RAPIDJSON): g++  -g -O2 -fPIC -Wall -Wsign-compare -Wfloat-equal -Wpointer-arith -Wcast-align -Wall -Werror _mkltmpwGArtc.cpp -o _mkltmpwGArtc.cpp.o  -L/home/knthinh/node-project/temp/.node-red/node_modules/node-rdkafka/build/deps 
DBG: compile check for rapidjson (WITH_RAPIDJSON) failed: g++  -g -O2 -fPIC -Wall -Wsign-compare -Wfloat-equal -Wpointer-arith -Wcast-align -Wall -Werror _mkltmpwGArtc.cpp -o _mkltmpwGArtc.cpp.o  -L/home/knthinh/node-project/temp/.node-red/node_modules/node-rdkafka/build/deps : _mkltmpwGArtc.cpp:1:30: fatal error: rapidjson/schema.h: No such file or directory
 #include <rapidjson/schema.h>
                              ^
compilation terminated.
DBG: Check rapidjson (WITH_RAPIDJSON, action disable (originally disable)) failed: compile check failed:
CC: CXX
flags: 
g++  -g -O2 -fPIC -Wall -Wsign-compare -Wfloat-equal -Wpointer-arith -Wcast-align -Wall -Werror _mkltmpwGArtc.cpp -o _mkltmpwGArtc.cpp.o  -L/home/knthinh/node-project/temp/.node-red/node_modules/node-rdkafka/build/deps :
_mkltmpwGArtc.cpp:1:30: fatal error: rapidjson/schema.h: No such file or directory
 #include <rapidjson/schema.h>
                              ^
compilation terminated.
source: #include <rapidjson/schema.h>
DBG: pkg-config check libssl (): pkg-config --short-errors --cflags libssl
DBG: 'pkg-config --short-errors --cflags libssl' failed: No package 'libssl' found
DBG: Check libssl_PKGCONFIG (, action cont (originally cont)) failed: 'pkg-config --short-errors --cflags libssl' failed:
No package 'libssl' found
DBG: Compile check libssl (WITH_SSL): gcc  -g -O2 -fPIC -Wall -Wsign-compare -Wfloat-equal -Wpointer-arith -Wcast-align -Wall -Werror _mkltmpybYZmz.c -o _mkltmpybYZmz.c.o  -L/home/knthinh/node-project/temp/.node-red/node_modules/node-rdkafka/build/deps -lssl
DBG: compile check for libssl (WITH_SSL) failed: gcc  -g -O2 -fPIC -Wall -Wsign-compare -Wfloat-equal -Wpointer-arith -Wcast-align -Wall -Werror _mkltmpybYZmz.c -o _mkltmpybYZmz.c.o  -L/home/knthinh/node-project/temp/.node-red/node_modules/node-rdkafka/build/deps -lssl: _mkltmpybYZmz.c:1:25: fatal error: openssl/ssl.h: No such file or directory
 #include <openssl/ssl.h>
                         ^
compilation terminated.
DBG: Check libssl (WITH_SSL, action disable (originally disable)) failed: compile check failed:
CC: CC
flags: -lssl
gcc  -g -O2 -fPIC -Wall -Wsign-compare -Wfloat-equal -Wpointer-arith -Wcast-align -Wall -Werror _mkltmpybYZmz.c -o _mkltmpybYZmz.c.o  -L/home/knthinh/node-project/temp/.node-red/node_modules/node-rdkafka/build/deps -lssl:
_mkltmpybYZmz.c:1:25: fatal error: openssl/ssl.h: No such file or directory
 #include <openssl/ssl.h>
                         ^
compilation terminated.
source: #include <openssl/ssl.h>
DBG: pkg-config check libsasl2 (): pkg-config --short-errors --cflags libsasl2
DBG: 'pkg-config --short-errors --cflags libsasl2' failed: No package 'libsasl2' found
DBG: Check libsasl2_PKGCONFIG (, action cont (originally cont)) failed: 'pkg-config --short-errors --cflags libsasl2' failed:
No package 'libsasl2' found
DBG: Compile check libsasl2 (WITH_SASL_CYRUS): gcc  -g -O2 -fPIC -Wall -Wsign-compare -Wfloat-equal -Wpointer-arith -Wcast-align -Wall -Werror _mkltmp500Od4.c -o _mkltmp500Od4.c.o  -L/home/knthinh/node-project/temp/.node-red/node_modules/node-rdkafka/build/deps -lsasl2
DBG: compile check for libsasl2 (WITH_SASL_CYRUS) failed: gcc  -g -O2 -fPIC -Wall -Wsign-compare -Wfloat-equal -Wpointer-arith -Wcast-align -Wall -Werror _mkltmp500Od4.c -o _mkltmp500Od4.c.o  -L/home/knthinh/node-project/temp/.node-red/node_modules/node-rdkafka/build/deps -lsasl2: _mkltmp500Od4.c:1:23: fatal error: sasl/sasl.h: No such file or directory
 #include <sasl/sasl.h>
                       ^
compilation terminated.
DBG: Check libsasl2 (WITH_SASL_CYRUS, action disable (originally disable)) failed: compile check failed:
CC: CC
flags: -lsasl2
gcc  -g -O2 -fPIC -Wall -Wsign-compare -Wfloat-equal -Wpointer-arith -Wcast-align -Wall -Werror _mkltmp500Od4.c -o _mkltmp500Od4.c.o  -L/home/knthinh/node-project/temp/.node-red/node_modules/node-rdkafka/build/deps -lsasl2:
_mkltmp500Od4.c:1:23: fatal error: sasl/sasl.h: No such file or directory
 #include <sasl/sasl.h>
                       ^
compilation terminated.
source: #include <sasl/sasl.h>
DBG: pkg-config check libsasl (): pkg-config --short-errors --cflags libsasl
DBG: 'pkg-config --short-errors --cflags libsasl' failed: No package 'libsasl' found
DBG: Check libsasl_PKGCONFIG (, action cont (originally cont)) failed: 'pkg-config --short-errors --cflags libsasl' failed:
No package 'libsasl' found
DBG: Compile check libsasl (WITH_SASL_CYRUS): gcc  -g -O2 -fPIC -Wall -Wsign-compare -Wfloat-equal -Wpointer-arith -Wcast-align -Wall -Werror _mkltmp2ArMzN.c -o _mkltmp2ArMzN.c.o  -L/home/knthinh/node-project/temp/.node-red/node_modules/node-rdkafka/build/deps -lsasl
DBG: compile check for libsasl (WITH_SASL_CYRUS) failed: gcc  -g -O2 -fPIC -Wall -Wsign-compare -Wfloat-equal -Wpointer-arith -Wcast-align -Wall -Werror _mkltmp2ArMzN.c -o _mkltmp2ArMzN.c.o  -L/home/knthinh/node-project/temp/.node-red/node_modules/node-rdkafka/build/deps -lsasl: _mkltmp2ArMzN.c:1:23: fatal error: sasl/sasl.h: No such file or directory
 #include <sasl/sasl.h>
                       ^
compilation terminated.
DBG: Check libsasl (WITH_SASL_CYRUS, action disable (originally disable)) failed: compile check failed:
CC: CC
flags: -lsasl
gcc  -g -O2 -fPIC -Wall -Wsign-compare -Wfloat-equal -Wpointer-arith -Wcast-align -Wall -Werror _mkltmp2ArMzN.c -o _mkltmp2ArMzN.c.o  -L/home/knthinh/node-project/temp/.node-red/node_modules/node-rdkafka/build/deps -lsasl:
_mkltmp2ArMzN.c:1:23: fatal error: sasl/sasl.h: No such file or directory
 #include <sasl/sasl.h>
                       ^
compilation terminated.
source: #include <sasl/sasl.h>
DBG: Compile check crc32chw (WITH_CRC32C_HW): gcc  -g -O2 -fPIC -Wall -Wsign-compare -Wfloat-equal -Wpointer-arith -Wcast-align -Wall -Werror _mkltmpXTItp9.c -o _mkltmpXTItp9.c.o  -L/home/knthinh/node-project/temp/.node-red/node_modules/node-rdkafka/build/deps 
DBG: Compile check regex (HAVE_REGEX): gcc  -g -O2 -fPIC -Wall -Wsign-compare -Wfloat-equal -Wpointer-arith -Wcast-align -Wall -Werror _mkltmpURPSvS.c -o _mkltmpURPSvS.c.o  -L/home/knthinh/node-project/temp/.node-red/node_modules/node-rdkafka/build/deps 
DBG: Compile check strndup (HAVE_STRNDUP): gcc  -g -O2 -fPIC -Wall -Wsign-compare -Wfloat-equal -Wpointer-arith -Wcast-align -Wall -Werror _mkltmpEZ0hrB.c -o _mkltmpEZ0hrB.c.o  -L/home/knthinh/node-project/temp/.node-red/node_modules/node-rdkafka/build/deps 
DBG: Compile check strerror_r (HAVE_STRERROR_R): gcc  -g -O2 -fPIC -Wall -Wsign-compare -Wfloat-equal -Wpointer-arith -Wcast-align -Wall -Werror _mkltmpdESF21.c -o _mkltmpdESF21.c.o  -L/home/knthinh/node-project/temp/.node-red/node_modules/node-rdkafka/build/deps 
DBG: Compile check pthread_setname_gnu (HAVE_PTHREAD_SETNAME_GNU): gcc  -g -O2 -fPIC -Wall -Wsign-compare -Wfloat-equal -Wpointer-arith -Wcast-align -Wall -Werror _mkltmpUCGz3m.c -o _mkltmpUCGz3m.c.o  -L/home/knthinh/node-project/temp/.node-red/node_modules/node-rdkafka/build/deps -D_GNU_SOURCE -lpthread
